1 module generators
15 Hilbert basis elements of recession monoid
1 vertices of polyhedron
2 extreme rays of recession cone
3 support hyperplanes of polyhedron (homogenized)

embedding dimension = 3
affine dimension of the polyhedron = 2 (maximal)
rank of recession monoid = 2
internal index = 76

size of triangulation   = 1
resulting sum of |det|s = 38

dehomogenization:
0 0 1 


module rank = 1

***********************************************************************

1 module generators:
 0 0 1

15 Hilbert basis elements of recession monoid:
  3 1 0
  4 1 0
  5 1 0
  5 2 0
  6 1 0
  7 1 0
  7 3 0
  8 1 0
  9 1 0
 10 1 0
 11 1 0
 12 1 0
 13 1 0
 14 1 0
 15 1 0

1 vertices of polyhedron:
 0 0 1

2 extreme rays of recession cone:
  7 3 0
 15 1 0

3 support hyperplanes of polyhedron (homogenized):
 -1 15 0
  0  0 1
  3 -7 0

